   Γû▓ Next.js 15.5.4
   - Environments: .env.local

   Creating an optimized production build ...
 Γ£ô Compiled successfully in 4.2s
   Linting and checking validity of types ...

./app/driver-pickup/page.tsx
205:6  Warning: React Hook useEffect has a missing dependency: 'loadOrder'. Either include it or remove the dependency array.  react-hooks/exhaustive-deps

./components/ui/PullToRefresh.tsx
124:6  Warning: React Hook useEffect has missing dependencies: 'handleTouchEnd' and 'handleTouchMove'. Either include them or remove the dependency array.  react-hooks/exhaustive-deps

info  - Need to disable some ESLint rules? Learn more here: https://nextjs.org/docs/app/api-reference/config/eslint#disabling-rules
   Collecting page data ...
Error: export const dynamic = "force-static"/export const revalidate not configured on route "/api/mobile/menu" with "output: export". See more info here: https://nextjs.org/docs/advanced-features/static-html-export
    at 98410 (C:\thejerktrackerX_SDK35\.next\server\app\api\mobile\menu\route.js:1:2654)
    at c (C:\thejerktrackerX_SDK35\.next\server\webpack-runtime.js:1:128)
    at <unknown> (C:\thejerktrackerX_SDK35\.next\server\app\api\mobile\menu\route.js:1:7947)
    at c.X (C:\thejerktrackerX_SDK35\.next\server\webpack-runtime.js:1:1206)
    at <unknown> (C:\thejerktrackerX_SDK35\.next\server\app\api\mobile\menu\route.js:1:7917)
    at Object.<anonymous> (C:\thejerktrackerX_SDK35\.next\server\app\api\mobile\menu\route.js:1:7979)

> Build error occurred
[Error: Failed to collect page data for /api/mobile/menu] {
  type: 'Error'
}
